<?xml version="1.0" encoding="UTF-8"?>
<!-- Generated by org.testng.reporters.JUnitReportReporter -->
<testsuite skipped="0" hostname="USA0300VM7057" name="Sample.TestClass" tests="1" failures="0" timestamp="2023-09-26T10:56:10 EDT" time="15.704" errors="0">
  <testcase name="TC1_VerifyPlacingOrder" time="15.704" classname="Sample.TestClass"/>
  <system-out/>
</testsuite> <!-- Sample.TestClass -->
